This is pdfTeX, Version 3.1415926-1.40.9 (MiKTeX 2.7) (preloaded format=latex 2009.9.16)  20 SEP 2009 17:24
entering extended mode
**jabuti.tex
(jabuti.tex
LaTeX2e <2005/12/01>
Babel <v3.8l> and hyphenation patterns for english, dumylang, nohyphenation, ge
rman, ngerman, german-x-2008-06-18, ngerman-x-2008-06-18, french, portuguese, l
oaded.
("C:\Program Files\MiKTeX 2.7\tex\latex\base\article.cls"
Document Class: article 2005/09/16 v1.4f Standard LaTeX document class
("C:\Program Files\MiKTeX 2.7\tex\latex\base\size11.clo"
File: size11.clo 2005/09/16 v1.4f Standard LaTeX file (size option)
)
\c@part=\count79
\c@section=\count80
\c@subsection=\count81
\c@subsubsection=\count82
\c@paragraph=\count83
\c@subparagraph=\count84
\c@figure=\count85
\c@table=\count86
\abovecaptionskip=\skip41
\belowcaptionskip=\skip42
\bibindent=\dimen102
)
("C:\Program Files\MiKTeX 2.7\tex\latex\ae\ae.sty"
Package: ae 2001/02/12 1.3 Almost European Computer Modern

("C:\Program Files\MiKTeX 2.7\tex\latex\base\fontenc.sty"
Package: fontenc 2005/09/27 v1.99g Standard LaTeX package

("C:\Program Files\MiKTeX 2.7\tex\latex\base\t1enc.def"
File: t1enc.def 2005/09/27 v1.99g Standard LaTeX file
LaTeX Font Info:    Redeclaring font encoding T1 on input line 43.
)
LaTeX Font Info:    Try loading font information for T1+aer on input line 100.

("C:\Program Files\MiKTeX 2.7\tex\latex\ae\t1aer.fd"
File: t1aer.fd 1997/11/16 Font definitions for T1/aer.
)))
("C:\Program Files\MiKTeX 2.7\tex\latex\subfigure\subfigure.sty"
Package: subfigure 2002/07/30 v2.1.4 subfigure package
\subfigtopskip=\skip43
\subfigcapskip=\skip44
\subfigcaptopadj=\dimen103
\subfigbottomskip=\skip45
\subfigcapmargin=\dimen104
\subfiglabelskip=\skip46
\c@subfigure=\count87
\c@lofdepth=\count88
\c@subtable=\count89
\c@lotdepth=\count90

****************************************
* Local config file subfigure.cfg used *
****************************************
("C:\Program Files\MiKTeX 2.7\tex\latex\subfigure\subfigure.cfg")
\subfig@top=\skip47
\subfig@bottom=\skip48
)
("C:\Program Files\MiKTeX 2.7\tex\latex\setspace\setspace.sty"
Package: setspace 2000/12/01 6.7 Contributed and Supported LaTeX2e package

Package: `setspace' 6.7 <2000/12/01>
) ("C:\Program Files\MiKTeX 2.7\tex\latex\float\float.sty"
Package: float 2001/11/08 v1.3d Float enhancements (AL)
\c@float@type=\count91
\float@exts=\toks14
\float@box=\box26
\@float@everytoks=\toks15
\@floatcapt=\box27
)
("C:\Program Files\MiKTeX 2.7\tex\latex\graphics\color.sty"
Package: color 2005/11/14 v1.0j Standard LaTeX Color (DPC)

("C:\Program Files\MiKTeX 2.7\tex\latex\00miktex\color.cfg"
File: color.cfg 2007/01/18 v1.5 color configuration of teTeX/TeXLive
)
Package color Info: Driver file: dvips.def on input line 130.

("C:\Program Files\MiKTeX 2.7\tex\latex\graphics\dvips.def"
File: dvips.def 1999/02/16 v3.0i Driver-dependant file (DPC,SPQR)
)
("C:\Program Files\MiKTeX 2.7\tex\latex\graphics\dvipsnam.def"
File: dvipsnam.def 1999/02/16 v3.0i Driver-dependant file (DPC,SPQR)
))
("C:\Program Files\MiKTeX 2.7\tex\latex\tools\verbatim.sty"
Package: verbatim 2003/08/22 v1.5q LaTeX2e package for verbatim enhancements
\every@verbatim=\toks16
\verbatim@line=\toks17
\verbatim@in@stream=\read1
)
("C:\Program Files\MiKTeX 2.7\tex\latex\multirow\multirow.sty"
\bigstrutjot=\dimen105
)
("C:\Program Files\MiKTeX 2.7\tex\latex\graphics\graphicx.sty"
Package: graphicx 1999/02/16 v1.0f Enhanced LaTeX Graphics (DPC,SPQR)

("C:\Program Files\MiKTeX 2.7\tex\latex\graphics\keyval.sty"
Package: keyval 1999/03/16 v1.13 key=value parser (DPC)
\KV@toks@=\toks18
)
("C:\Program Files\MiKTeX 2.7\tex\latex\graphics\graphics.sty"
Package: graphics 2006/02/20 v1.0o Standard LaTeX Graphics (DPC,SPQR)

("C:\Program Files\MiKTeX 2.7\tex\latex\graphics\trig.sty"
Package: trig 1999/03/16 v1.09 sin cos tan (DPC)
)
("C:\Program Files\MiKTeX 2.7\tex\latex\00miktex\graphics.cfg"
File: graphics.cfg 2007/01/18 v1.5 graphics configuration of teTeX/TeXLive
)
Package graphics Info: Driver file: dvips.def on input line 90.
)
\Gin@req@height=\dimen106
\Gin@req@width=\dimen107
)
("C:\Program Files\MiKTeX 2.7\tex\latex\tools\xspace.sty"
Package: xspace 2006/05/08 v1.12 Space after command names (DPC,MH)
)
("C:\Program Files\MiKTeX 2.7\tex\latex\ltxmisc\url.sty"
\Urlmuskip=\muskip10
Package: url 2006/04/12  ver 3.3  Verb mode for urls, etc.
)
("C:\Program Files\MiKTeX 2.7\tex\latex\tocbibind\tocbibind.sty"
Package: tocbibind 2009/09/04 v1.5i extra ToC listings


Package tocbibind Note: The document has section divisions.


Package tocbibind Note: Using section or other style headings.

) ("C:\Program Files\MiKTeX 2.7\tex\latex\base\fontenc.sty"
Package: fontenc 2005/09/27 v1.99g Standard LaTeX package

("C:\Program Files\MiKTeX 2.7\tex\latex\base\t1enc.def"
File: t1enc.def 2005/09/27 v1.99g Standard LaTeX file
LaTeX Font Info:    Redeclaring font encoding T1 on input line 43.
))
("C:\Program Files\MiKTeX 2.7\tex\latex\geometry\geometry.sty"
Package: geometry 2008/11/13 v4.1 Page Geometry

("C:\Program Files\MiKTeX 2.7\tex\generic\oberdiek\ifpdf.sty"
Package: ifpdf 2007/12/12 v1.6 Provides the ifpdf switch (HO)
Package ifpdf Info: pdfTeX in pdf mode not detected.
)
("C:\Program Files\MiKTeX 2.7\tex\generic\oberdiek\ifvtex.sty"
Package: ifvtex 2008/11/04 v1.4 Switches for detecting VTeX and its modes (HO)
Package ifvtex Info: VTeX not detected.
)
\Gm@cnth=\count92
\Gm@cntv=\count93
\c@Gm@tempcnt=\count94
\Gm@bindingoffset=\dimen108
\Gm@wd@mp=\dimen109
\Gm@odd@mp=\dimen110
\Gm@even@mp=\dimen111
\Gm@dimlist=\toks19

("C:\Program Files\MiKTeX 2.7\tex\latex\geometry\geometry.cfg"))
("C:\Program Files\MiKTeX 2.7\tex\latex\titlesec\titlesec.sty"
Package: titlesec 2007/08/12 v2.8 Sectioning titles
\ttl@box=\box28
\beforetitleunit=\skip49
\aftertitleunit=\skip50
\ttl@plus=\dimen112
\ttl@minus=\dimen113
\ttl@toksa=\toks20
\titlewidth=\dimen114
\titlewidthlast=\dimen115
\titlewidthfirst=\dimen116
)
("C:\Program Files\MiKTeX 2.7\tex\latex\colortbl\colortbl.sty"
Package: colortbl 2001/02/13 v0.1j Color table columns (DPC)

("C:\Program Files\MiKTeX 2.7\tex\latex\tools\array.sty"
Package: array 2005/08/23 v2.4b Tabular extension package (FMi)
\col@sep=\dimen117
\extrarowheight=\dimen118
\NC@list=\toks21
\extratabsurround=\skip51
\backup@length=\skip52
)
\everycr=\toks22
\minrowclearance=\skip53
)
("C:\Program Files\MiKTeX 2.7\tex\latex\tools\afterpage.sty"
Package: afterpage 1995/10/27 v1.08 After-Page Package (DPC)
\AP@output=\toks23
\AP@partial=\box29
\AP@footins=\box30
)
("C:\Program Files\MiKTeX 2.7\tex\latex\fancyvrb\fancyvrb.sty"
Package: fancyvrb 2008/02/07

Style option: `fancyvrb' v2.7a, with DG/SPQR fixes, and firstline=lastline fix 
<2008/02/07> (tvz)
\FV@CodeLineNo=\count95
\FV@InFile=\read2
\FV@TabBox=\box31
\c@FancyVerbLine=\count96
\FV@StepNumber=\count97
\FV@OutFile=\write3
) (icmcheader.sty
Package: icmcheader 
) (macros.tex) (jabuti.aux)
LaTeX Font Info:    Checking defaults for OML/cmm/m/it on input line 47.
LaTeX Font Info:    ... okay on input line 47.
LaTeX Font Info:    Checking defaults for T1/cmr/m/n on input line 47.
LaTeX Font Info:    ... okay on input line 47.
LaTeX Font Info:    Checking defaults for OT1/cmr/m/n on input line 47.
LaTeX Font Info:    ... okay on input line 47.
LaTeX Font Info:    Checking defaults for OMS/cmsy/m/n on input line 47.
LaTeX Font Info:    ... okay on input line 47.
LaTeX Font Info:    Checking defaults for OMX/cmex/m/n on input line 47.
LaTeX Font Info:    ... okay on input line 47.
LaTeX Font Info:    Checking defaults for U/cmr/m/n on input line 47.
LaTeX Font Info:    ... okay on input line 47.

*geometry auto-detecting driver*
*geometry detected driver: dvips*

Package geometry Warning: The marginal notes would fall off the page.
     Add 3.0945pt and more to the right margin.

-------------------- Geometry parameters
paper: a4paper
landscape: --
twocolumn: --
twoside: --
asymmetric: --
h-parts: 56.9055pt, 483.69687pt, 56.9055pt
v-parts: 56.9055pt, 731.23584pt, 56.9055pt
hmarginratio: --
vmarginratio: --
lines: --
heightrounded: --
bindingoffset: 0.0pt
truedimen: --
includehead: --
includefoot: --
includemp: --
driver: dvips
-------------------- Page layout dimensions and switches
\paperwidth  597.50787pt
\paperheight 845.04684pt
\textwidth  483.69687pt
\textheight 731.23584pt
\oddsidemargin  -15.36449pt
\evensidemargin -15.36449pt
\topmargin  -52.36449pt
\headheight 12.0pt
\headsep    25.0pt
\footskip   30.0pt
\marginparwidth 50.0pt
\marginparsep   10.0pt
\columnsep  10.0pt
\skip\footins  10.0pt plus 4.0pt minus 2.0pt
\hoffset 0.0pt
\voffset 0.0pt
\mag 1000

(1in=72.27pt, 1cm=28.45pt)
-----------------------
File: timbre_preto.eps Graphic file (type eps)
<timbre_preto.eps>
LaTeX Font Info:    Try loading font information for T1+aett on input line 53.
 ("C:\Program Files\MiKTeX 2.7\tex\latex\ae\t1aett.fd"
File: t1aett.fd 1997/11/16 Font definitions for T1/aett.
)
File: fig/jabuti.eps Graphic file (type eps)

<fig/jabuti.eps>
LaTeX Font Info:    External font `cmex10' loaded for size
(Font)              <10.95> on input line 75.
LaTeX Font Info:    External font `cmex10' loaded for size
(Font)              <8> on input line 75.
LaTeX Font Info:    External font `cmex10' loaded for size
(Font)              <6> on input line 75.
LaTeX Font Info:    External font `cmex10' loaded for size
(Font)              <7> on input line 82.
LaTeX Font Info:    External font `cmex10' loaded for size
(Font)              <5> on input line 82.
 [0

] (jabuti.toc)
\tf@toc=\write4
 (abstract.tex [1

] [2

]) (tool.tex
(fig-tool.tex
File: fig/main-window-editted.eps Graphic file (type eps)
 <fig/main-window-editted.eps>)
LaTeX Font Info:    Try loading font information for OMS+aer on input line 24.

("C:\Program Files\MiKTeX 2.7\tex\latex\ae\omsaer.fd"
File: omsaer.fd 1999/12/27
)
LaTeX Font Info:    Font shape `OMS/aer/m/n' in size <10.95> not available
(Font)              Font shape `OMS/cmsy/m/n' tried instead on input line 24.
 [1

]
Overfull \hbox (12.34242pt too wide) in paragraph at lines 72--77
\T1/aer/m/n/10.95 sented screen also al-lows to mark a test-ing re-quire-ment a
s ac-tive/deactive or fea-si-ble/infeasible. 
 []

LaTeX Font Info:    Try loading font information for T1+aess on input line 78.
("C:\Program Files\MiKTeX 2.7\tex\latex\ae\t1aess.fd"
File: t1aess.fd 1997/11/16 Font definitions for T1/aess.
) [2]) (project.tex
[3]
LaTeX Font Info:    External font `cmex10' loaded for size
(Font)              <9> on input line 95.
 (fig-jabuti-initial.tex
File: fig/initial-screen.eps Graphic file (type eps)
 <fig/initial-screen.eps>)
(fig-jabuti-open-class.tex
File: fig/project-selected-dir.eps Graphic file (type eps)
 <fig/project-selected-dir.eps>
File: fig/project-selected-class.eps Graphic file (type eps)

<fig/project-selected-class.eps>) (fig-project-manager.tex
File: fig/project-manager.eps Graphic file (type eps)

<fig/project-manager.eps> [4]) [5]) (coverage.tex
(fig-jabuti-dispenser-bytecode.tex
File: fig/dispenser-bytecode-edited.eps Graphic file (type eps)
 <fig/dispenser-bytecode-edited.eps>)
(fig-jabuti-dispenser-dug.tex
File: fig/dispenser-dug-edited.eps Graphic file (type eps)
 <fig/dispenser-dug-edited.eps>)
(fig-jabuti-dispenser-source.tex
File: fig/dispenser-source.eps Graphic file (type eps)
 <fig/dispenser-source.eps>) [6] [7] [8]
(fig-decision-color.tex
File: fig/decision-layer1.eps Graphic file (type eps)
 <fig/decision-layer1.eps>) (fig-decision-color2.tex
File: fig/decision-layer2.eps Graphic file (type eps)

<fig/decision-layer2.eps>) (fig-no-decision.tex
File: fig/special-pri-edges-layer1.eps Graphic file (type eps)

<fig/special-pri-edges-layer1.eps>
File: fig/special-pri-edges-layer2.eps Graphic file (type eps)
 <fig/special-pri-edges-layer2.eps>) [9]
(fig-sec-edges-layer1.tex
File: fig/sec-edges-layer1.eps Graphic file (type eps)
 <fig/sec-edges-layer1.eps>) (fig-sec-edges-layer2.tex
File: fig/sec-edges-layer2.eps Graphic file (type eps)
<fig/sec-edges-layer2.eps>) [10] [11] (fig-uses-color.tex
File: fig/pri-uses-layer1.eps Graphic file (type eps)

<fig/pri-uses-layer1.eps>) (fig-uses-color2.tex
File: fig/pri-uses-layer2.eps Graphic file (type eps)
 <fig/pri-uses-layer2.eps>)
[12] (fig-initial-summary-criterion.tex
File: fig/summary-by-criterion-initial-edited.eps Graphic file (type eps)

<fig/summary-by-criterion-initial-edited.eps>) [13]
(fig-initial-summary-class.tex
File: fig/summary-by-class-pri-nodes-edited.eps Graphic file (type eps)
 <fig/summary-by-class-pri-nodes-edited.eps>
File: fig/summary-by-class-pri-edges-edited.eps Graphic file (type eps)

<fig/summary-by-class-pri-edges-edited.eps>
File: fig/summary-by-class-pri-uses-edited.eps Graphic file (type eps)

<fig/summary-by-class-pri-uses-edited.eps>) (fig-initial-summary-method.tex
File: fig/summary-by-method-initial.eps Graphic file (type eps)

<fig/summary-by-method-initial.eps>) [14] [15] (fig-summary-to-html.tex
File: fig/summary-to-html.eps Graphic file (type eps)

<fig/summary-to-html.eps>
File: fig/summary-by-criterion-html.eps Graphic file (type eps)
 <fig/summary-by-criterion-html.eps>)
(fig-custom-html.tex
File: fig/custom-html.eps Graphic file (type eps)
 <fig/custom-html.eps>
File: fig/complete-html.eps Graphic file (type eps)
 <fig/complete-html.eps>) [16

]
[17] (fig-driver-output.tex) [18

] (fig-update-button.tex
File: fig/update-button.eps Graphic file (type eps)

<fig/update-button.eps>) (fig-source-input1.tex
File: fig/dispenser-source-edited.eps Graphic file (type eps)

<fig/dispenser-source-edited.eps>) (fig-summary-tc1.tex
File: fig/report-by-test-case-tc1.eps Graphic file (type eps)

<fig/report-by-test-case-tc1.eps>
File: fig/summary-by-method-tc1.eps Graphic file (type eps)
 <fig/summary-by-method-tc1.eps>) [19]
[20] [21]
Overfull \hbox (16.27246pt too wide) in paragraph at lines 502--513
\T1/aer/m/n/10.95 100%. The only two meth-ods un-cov-ered are [] and [].
 []

(fig-junit.tex
File: fig/junit-test-case.eps Graphic file (type eps)
 <fig/junit-test-case.eps>) (fig-importing-junit.tex
File: fig/importing-junit-1.eps Graphic file (type eps)

<fig/importing-junit-1.eps>) [22

] (fig-summary-method-tc6.tex
File: fig/report-by-method-pri-nodes-tc6.eps Graphic file (type eps)

<fig/report-by-method-pri-nodes-tc6.eps>) (fig-summary-criterion-tc6.tex
File: fig/report-by-criterion-tc6.eps Graphic file (type eps)

<fig/report-by-criterion-tc6.eps>) [23] (fig-test-case.tex
File: fig/summary-by-test-case1.eps Graphic file (type eps)

<fig/summary-by-test-case1.eps>
File: fig/summary-by-test-case2.eps Graphic file (type eps)
 <fig/summary-by-test-case2.eps>) [24] [25]
(fig-requirements.tex
File: fig/required-elements.eps Graphic file (type eps)
 <fig/required-elements.eps>) (fig-covered-infeasible.tex
File: fig/required-elements-covered-infeasible.eps Graphic file (type eps)

<fig/required-elements-covered-infeasible.eps>) [26

] [27]) (slicing.tex

LaTeX Warning: Reference `fig-average-bcfg' on page 28 undefined on input line 
51.

(fig-slice-test-cases.tex
File: fig/slicing-fail-test-case.eps Graphic file (type eps)
 <fig/slicing-fail-test-case.eps>
File: fig/slicing-fail-1success-test-case.eps Graphic file (type eps)

<fig/slicing-fail-1success-test-case.eps>) [28

] (fig-slice-source.tex
File: fig/slicing-source-fail.eps Graphic file (type eps)

<fig/slicing-source-fail.eps>
File: fig/slicing-source-fail-1success.eps Graphic file (type eps)
 <fig/slicing-source-fail-1success.eps>))
(metrics.tex [29] [30] [31] [32]
Overfull \hbox (16.30556pt too wide) in paragraph at lines 229--242
[]\T1/aer/m/n/10.95 The set of static met-rics im-ple-mented in JaBUTi can be a
c-cessed by the []
 []

(fig-metrics-gui.tex
File: fig/metrics-view-edited.eps Graphic file (type eps)
 <fig/metrics-view-edited.eps>
File: fig/metrics-tool-tip.eps Graphic file (type eps)
 <fig/metrics-tool-tip.eps>)) [33] [34]
File: FDL.TXT  (verbatim)
 [35

] [36] [37] [38] [39] [40] [41] [42] [43] (biblio.tex [44])
[45] (jabuti.aux)

LaTeX Warning: There were undefined references.

 )
(\end occurred inside a group at level 1)

### semi simple group (level 1) entered at line 121 (\begingroup)
### bottom level 
Here is how much of TeX's memory you used:
 3081 strings out of 95279
 41989 string characters out of 1182579
 590148 words of memory out of 1500000
 6084 multiletter control sequences out of 110000
 39337 words of font info for 50 fonts, out of 3000000 for 5000
 16 hyphenation exceptions out of 8191
 34i,12n,30p,369b,543s stack positions out of 5000i,500n,10000p,200000b,50000s

Output written on jabuti.dvi (48 pages, 480372 bytes).
